<?xml version="1.0" encoding="UTF-8"?>
<!-- Generated by org.testng.reporters.JUnitReportReporter -->
<testsuite hostname="LAPTOP-32682UQ2" failures="0" tests="2" name="test.caesar.funtionaltests.LoginCaesarHomePage" time="75.393" errors="0" timestamp="15 Apr 2021 10:52:16 GMT" skipped="0">
  <testcase classname="test.caesar.funtionaltests.LoginCaesarHomePage" name="validateAirfareSearch" time="36.763"/>
  <testcase classname="test.caesar.funtionaltests.LoginCaesarHomePage" name="validateAirfareSearch" time="38.630"/>
</testsuite> <!-- test.caesar.funtionaltests.LoginCaesarHomePage -->
